<?xml version="1.0" encoding="UTF-8"?>
<testsuite name="test.java.LibraryTest" tests="1" skipped="0" failures="0" errors="0" timestamp="2016-10-27T04:03:22" hostname="云袭-PC" time="0.0">
  <properties/>
  <testcase name="testSomeLibraryMethod" classname="test.java.LibraryTest" time="0.0"/>
  <system-out><![CDATA[]]></system-out>
  <system-err><![CDATA[]]></system-err>
</testsuite>
